{"D:\\codin\\my_projects\\frontend-project-46\\genDiffs.js": {"path":"D:\\codin\\my_projects\\frontend-project-46\\genDiffs.js","statementMap":{"0":{"start":{"line":4,"column":17},"end":{"line":40,"column":1}},"1":{"start":{"line":5,"column":22},"end":{"line":5,"column":46}},"2":{"start":{"line":6,"column":22},"end":{"line":6,"column":46}},"3":{"start":{"line":8,"column":19},"end":{"line":8,"column":43}},"4":{"start":{"line":9,"column":19},"end":{"line":9,"column":43}},"5":{"start":{"line":10,"column":18},"end":{"line":10,"column":54}},"6":{"start":{"line":12,"column":14},"end":{"line":12,"column":16}},"7":{"start":{"line":13,"column":19},"end":{"line":28,"column":11}},"8":{"start":{"line":14,"column":4},"end":{"line":26,"column":5}},"9":{"start":{"line":15,"column":6},"end":{"line":15,"column":40}},"10":{"start":{"line":17,"column":9},"end":{"line":26,"column":5}},"11":{"start":{"line":18,"column":6},"end":{"line":18,"column":40}},"12":{"start":{"line":20,"column":9},"end":{"line":26,"column":5}},"13":{"start":{"line":21,"column":6},"end":{"line":21,"column":40}},"14":{"start":{"line":22,"column":6},"end":{"line":22,"column":40}},"15":{"start":{"line":24,"column":9},"end":{"line":26,"column":5}},"16":{"start":{"line":25,"column":6},"end":{"line":25,"column":40}},"17":{"start":{"line":27,"column":4},"end":{"line":27,"column":14}},"18":{"start":{"line":30,"column":2},"end":{"line":30,"column":18}},"19":{"start":{"line":32,"column":15},"end":{"line":37,"column":3}},"20":{"start":{"line":33,"column":23},"end":{"line":33,"column":42}},"21":{"start":{"line":34,"column":19},"end":{"line":34,"column":61}},"22":{"start":{"line":34,"column":40},"end":{"line":34,"column":60}},"23":{"start":{"line":35,"column":19},"end":{"line":35,"column":36}},"24":{"start":{"line":36,"column":4},"end":{"line":36,"column":28}},"25":{"start":{"line":39,"column":2},"end":{"line":39,"column":20}}},"fnMap":{"0":{"name":"(anonymous_0)","decl":{"start":{"line":4,"column":17},"end":{"line":4,"column":18}},"loc":{"start":{"line":4,"column":43},"end":{"line":40,"column":1}},"line":4},"1":{"name":"(anonymous_1)","decl":{"start":{"line":13,"column":34},"end":{"line":13,"column":35}},"loc":{"start":{"line":13,"column":48},"end":{"line":28,"column":3}},"line":13},"2":{"name":"(anonymous_2)","decl":{"start":{"line":32,"column":15},"end":{"line":32,"column":16}},"loc":{"start":{"line":32,"column":24},"end":{"line":37,"column":3}},"line":32},"3":{"name":"(anonymous_3)","decl":{"start":{"line":34,"column":34},"end":{"line":34,"column":35}},"loc":{"start":{"line":34,"column":40},"end":{"line":34,"column":60}},"line":34}},"branchMap":{"0":{"loc":{"start":{"line":14,"column":4},"end":{"line":26,"column":5}},"type":"if","locations":[{"start":{"line":14,"column":4},"end":{"line":26,"column":5}},{"start":{"line":17,"column":9},"end":{"line":26,"column":5}}],"line":14},"1":{"loc":{"start":{"line":14,"column":8},"end":{"line":14,"column":75}},"type":"binary-expr","locations":[{"start":{"line":14,"column":8},"end":{"line":14,"column":40}},{"start":{"line":14,"column":44},"end":{"line":14,"column":75}}],"line":14},"2":{"loc":{"start":{"line":17,"column":9},"end":{"line":26,"column":5}},"type":"if","locations":[{"start":{"line":17,"column":9},"end":{"line":26,"column":5}},{"start":{"line":20,"column":9},"end":{"line":26,"column":5}}],"line":17},"3":{"loc":{"start":{"line":17,"column":13},"end":{"line":17,"column":80}},"type":"binary-expr","locations":[{"start":{"line":17,"column":13},"end":{"line":17,"column":44}},{"start":{"line":17,"column":48},"end":{"line":17,"column":80}}],"line":17},"4":{"loc":{"start":{"line":20,"column":9},"end":{"line":26,"column":5}},"type":"if","locations":[{"start":{"line":20,"column":9},"end":{"line":26,"column":5}},{"start":{"line":24,"column":9},"end":{"line":26,"column":5}}],"line":20},"5":{"loc":{"start":{"line":24,"column":9},"end":{"line":26,"column":5}},"type":"if","locations":[{"start":{"line":24,"column":9},"end":{"line":26,"column":5}},{"start":{},"end":{}}],"line":24}},"s":{"0":1,"1":1,"2":1,"3":1,"4":1,"5":1,"6":1,"7":1,"8":5,"9":1,"10":4,"11":2,"12":2,"13":1,"14":1,"15":1,"16":1,"17":5,"18":1,"19":1,"20":1,"21":1,"22":6,"23":1,"24":1,"25":1},"f":{"0":1,"1":5,"2":1,"3":6},"b":{"0":[1,4],"1":[5,1],"2":[2,2],"3":[4,4],"4":[1,1],"5":[1,0]},"_coverageSchema":"1a1c01bbd47fc00a2c39e90264f33305004495a9","hash":"c2f29484f82398725c58c6138ebb5629da08e57b"}
,"D:\\codin\\my_projects\\frontend-project-46\\parse.js": {"path":"D:\\codin\\my_projects\\frontend-project-46\\parse.js","statementMap":{"0":{"start":{"line":4,"column":22},"end":{"line":8,"column":1}},"1":{"start":{"line":5,"column":15},"end":{"line":5,"column":102}},"2":{"start":{"line":6,"column":14},"end":{"line":6,"column":30}},"3":{"start":{"line":7,"column":2},"end":{"line":7,"column":12}}},"fnMap":{"0":{"name":"(anonymous_0)","decl":{"start":{"line":4,"column":22},"end":{"line":4,"column":23}},"loc":{"start":{"line":4,"column":36},"end":{"line":8,"column":1}},"line":4}},"branchMap":{},"s":{"0":1,"1":2,"2":2,"3":2},"f":{"0":2},"b":{},"_coverageSchema":"1a1c01bbd47fc00a2c39e90264f33305004495a9","hash":"3cc09de8d024907e81dce1b0c3a6d7b42af6feaa"}
}
