TN:
SF:genDiffs.js
FN:4,(anonymous_0)
FN:13,(anonymous_1)
FN:32,(anonymous_2)
FN:34,(anonymous_3)
FNF:4
FNH:4
FNDA:1,(anonymous_0)
FNDA:5,(anonymous_1)
FNDA:1,(anonymous_2)
FNDA:6,(anonymous_3)
DA:4,1
DA:5,1
DA:6,1
DA:8,1
DA:9,1
DA:10,1
DA:12,1
DA:13,1
DA:14,5
DA:15,1
DA:17,4
DA:18,2
DA:20,2
DA:21,1
DA:22,1
DA:24,1
DA:25,1
DA:27,5
DA:30,1
DA:32,1
DA:33,1
DA:34,6
DA:35,1
DA:36,1
DA:39,1
LF:25
LH:25
BRDA:14,0,0,1
BRDA:14,0,1,4
BRDA:14,1,0,5
BRDA:14,1,1,1
BRDA:17,2,0,2
BRDA:17,2,1,2
BRDA:17,3,0,4
BRDA:17,3,1,4
BRDA:20,4,0,1
BRDA:20,4,1,1
BRDA:24,5,0,1
BRDA:24,5,1,0
BRF:12
BRH:11
end_of_record
TN:
SF:parse.js
FN:4,(anonymous_0)
FNF:1
FNH:1
FNDA:2,(anonymous_0)
DA:4,1
DA:5,2
DA:6,2
DA:7,2
LF:4
LH:4
BRF:0
BRH:0
end_of_record
